<?xml version="1.0" encoding="UTF-8"?>
<testsuite xmlns:xsi="http://www.w3.org/2001/XMLSchema-instance" xsi:schemaLocation="https://maven.apache.org/surefire/maven-surefire-plugin/xsd/surefire-test-report.xsd" name="com.napier.sem.AppIntegrationTest" time="15.849" tests="19" errors="0" skipped="0" failures="0">
  <properties>
[...]
</properties>
  <testcase name="TestGetCityPopulations" classname="com.napier.sem.AppIntegrationTest" time="0.071"/>
  <testcase name="TestGetCapitalCityReportNonCapital" classname="com.napier.sem.AppIntegrationTest" time="0.009"/>
  <testcase name="TestDisconnect" classname="com.napier.sem.AppIntegrationTest" time="5.021"/>
  <testcase name="TestGetPopulationCountry" classname="com.napier.sem.AppIntegrationTest" time="0.002"/>
  <testcase name="TestCityPopulationsWrongArea" classname="com.napier.sem.AppIntegrationTest" time="0.002"/>
  <testcase name="TestGetPopulationRegion" classname="com.napier.sem.AppIntegrationTest" time="0.003"/>
  <testcase name="TestDisconnectNullCon" classname="com.napier.sem.AppIntegrationTest" time="5.02"/>
  <testcase name="TestCityPopulationsInvalidArea" classname="com.napier.sem.AppIntegrationTest" time="0.002"/>
  <testcase name="TestCityPopulations" classname="com.napier.sem.AppIntegrationTest" time="0.006"/>
  <testcase name="TestGetCountryReport" classname="com.napier.sem.AppIntegrationTest" time="0.006"/>
  <testcase name="TestGetCityPopulationsNullCount" classname="com.napier.sem.AppIntegrationTest" time="0"/>
  <testcase name="TestGetCityReport" classname="com.napier.sem.AppIntegrationTest" time="0.006"/>
  <testcase name="TestGetPopulationDistrict" classname="com.napier.sem.AppIntegrationTest" time="0.003"/>
  <testcase name="TestGetPopulationCity" classname="com.napier.sem.AppIntegrationTest" time="0.003"/>
  <testcase name="TestGetCountryPopulations" classname="com.napier.sem.AppIntegrationTest" time="0.003"/>
  <testcase name="TestGetCapitalCityReport" classname="com.napier.sem.AppIntegrationTest" time="0.006"/>
  <testcase name="TestGetPopulationContinent" classname="com.napier.sem.AppIntegrationTest" time="0.002"/>
  <testcase name="TestGetCapitalCities" classname="com.napier.sem.AppIntegrationTest" time="0.308"/>
  <testcase name="testGetPopulationWorld" classname="com.napier.sem.AppIntegrationTest" time="0.003"/>
</testsuite>