<?xml version="1.0" encoding="UTF-8"?>
<testsuite xmlns:xsi="http://www.w3.org/2001/XMLSchema-instance" xsi:schemaLocation="https://maven.apache.org/surefire/maven-surefire-plugin/xsd/surefire-test-report.xsd" name="com.napier.sem.AppTest" time="0.003" tests="9" errors="0" skipped="0" failures="0">
  <properties>
[...]
</properties>
  <testcase name="TestGetPopulationEmpty" classname="com.napier.sem.AppTest" time="0.001"/>
  <testcase name="TestGetPopulationRange" classname="com.napier.sem.AppTest" time="0"/>
  <testcase name="TestGetCapitalCityNull" classname="com.napier.sem.AppTest" time="0.001"/>
  <testcase name="TestGetCountryReportEmpty" classname="com.napier.sem.AppTest" time="0"/>
  <testcase name="TestGetCapitalCityEmptyString" classname="com.napier.sem.AppTest" time="0"/>
  <testcase name="TestGetCountryPopulationsNegative" classname="com.napier.sem.AppTest" time="0.001"/>
  <testcase name="TestGetCountryPopulationsZero" classname="com.napier.sem.AppTest" time="0"/>
  <testcase name="TestGetPopulationNull" classname="com.napier.sem.AppTest" time="0"/>
  <testcase name="TestGetCountryReportNull" classname="com.napier.sem.AppTest" time="0"/>
</testsuite>